0 info it worked if it ends with ok
1 verbose cli [ '/Users/kw/.nvm/versions/node/v7.6.0/bin/node',
1 verbose cli   '/Users/kw/.nvm/versions/node/v7.6.0/bin/npm',
1 verbose cli   'run',
1 verbose cli   'client:dev' ]
2 info using npm@4.1.2
3 info using node@v7.6.0
4 verbose run-script [ 'preclient:dev', 'client:dev', 'postclient:dev' ]
5 info lifecycle front-backend-project@0.0.1~preclient:dev: front-backend-project@0.0.1
6 silly lifecycle front-backend-project@0.0.1~preclient:dev: no script for preclient:dev, continuing
7 info lifecycle front-backend-project@0.0.1~client:dev: front-backend-project@0.0.1
8 verbose lifecycle front-backend-project@0.0.1~client:dev: unsafe-perm in lifecycle true
9 verbose lifecycle front-backend-project@0.0.1~client:dev: PATH: /Users/kw/.nvm/versions/node/v7.6.0/lib/node_modules/npm/bin/node-gyp-bin:/Users/kw/project/front-backend-project/node_modules/.bin:/Users/kw/.nvm/versions/node/v7.6.0/bin:/usr/local/bin:/usr/bin:/bin:/usr/sbin:/sbin
10 verbose lifecycle front-backend-project@0.0.1~client:dev: CWD: /Users/kw/project/front-backend-project
11 silly lifecycle front-backend-project@0.0.1~client:dev: Args: [ '-c',
11 silly lifecycle   'cross-env NODE_ENV=development webpack-dev-server --open' ]
12 silly lifecycle front-backend-project@0.0.1~client:dev: Returned: code: 1  signal: null
13 info lifecycle front-backend-project@0.0.1~client:dev: Failed to exec client:dev script
14 verbose stack Error: front-backend-project@0.0.1 client:dev: `cross-env NODE_ENV=development webpack-dev-server --open`
14 verbose stack Exit status 1
14 verbose stack     at EventEmitter.<anonymous> (/Users/kw/.nvm/versions/node/v7.6.0/lib/node_modules/npm/lib/utils/lifecycle.js:279:16)
14 verbose stack     at emitTwo (events.js:106:13)
14 verbose stack     at EventEmitter.emit (events.js:192:7)
14 verbose stack     at ChildProcess.<anonymous> (/Users/kw/.nvm/versions/node/v7.6.0/lib/node_modules/npm/lib/utils/spawn.js:40:14)
14 verbose stack     at emitTwo (events.js:106:13)
14 verbose stack     at ChildProcess.emit (events.js:192:7)
14 verbose stack     at maybeClose (internal/child_process.js:890:16)
14 verbose stack     at Process.ChildProcess._handle.onexit (internal/child_process.js:226:5)
15 verbose pkgid front-backend-project@0.0.1
16 verbose cwd /Users/kw/project/front-backend-project
17 error Darwin 19.4.0
18 error argv "/Users/kw/.nvm/versions/node/v7.6.0/bin/node" "/Users/kw/.nvm/versions/node/v7.6.0/bin/npm" "run" "client:dev"
19 error node v7.6.0
20 error npm  v4.1.2
21 error code ELIFECYCLE
22 error front-backend-project@0.0.1 client:dev: `cross-env NODE_ENV=development webpack-dev-server --open`
22 error Exit status 1
23 error Failed at the front-backend-project@0.0.1 client:dev script 'cross-env NODE_ENV=development webpack-dev-server --open'.
23 error Make sure you have the latest version of node.js and npm installed.
23 error If you do, this is most likely a problem with the front-backend-project package,
23 error not with npm itself.
23 error Tell the author that this fails on your system:
23 error     cross-env NODE_ENV=development webpack-dev-server --open
23 error You can get information on how to open an issue for this project with:
23 error     npm bugs front-backend-project
23 error Or if that isn't available, you can get their info via:
23 error     npm owner ls front-backend-project
23 error There is likely additional logging output above.
24 verbose exit [ 1, true ]
